$ python -m pytest C:\Projects\rct-extractor-v2\tests\test_proof_carrying_numbers.py

STDOUT:
============================= test session starts =============================
platform win32 -- Python 3.13.7, pytest-9.0.2, pluggy-1.6.0 -- C:\Users\user\AppData\Local\Programs\Python\Python313\python.exe
cachedir: .pytest_cache
rootdir: C:\Projects\rct-extractor-v2
configfile: pyproject.toml
plugins: anyio-3.7.1, asyncio-1.3.0, cov-4.1.0, timeout-2.4.0, respx-0.22.0
asyncio: mode=Mode.STRICT, debug=False, asyncio_default_fixture_loop_scope=None, asyncio_default_test_loop_scope=function
collecting ... collected 100 items

tests/test_proof_carrying_numbers.py::TestVerificationCheck::test_passed_result PASSED [  1%]
tests/test_proof_carrying_numbers.py::TestVerificationCheck::test_failed_result PASSED [  2%]
tests/test_proof_carrying_numbers.py::TestVerificationCheck::test_skipped_result PASSED [  3%]
tests/test_proof_carrying_numbers.py::TestVerificationCheck::test_warning_result PASSED [  4%]
tests/test_proof_carrying_numbers.py::TestVerificationCheck::test_default_is_critical PASSED [  5%]
tests/test_proof_carrying_numbers.py::TestProofCertificate::test_checks_passed_names PASSED [  6%]
tests/test_proof_carrying_numbers.py::TestProofCertificate::test_checks_failed_names PASSED [  7%]
tests/test_proof_carrying_numbers.py::TestProofCertificate::test_critical_checks_passed_all_pass PASSED [  8%]
tests/test_proof_carrying_numbers.py::TestProofCertificate::test_critical_checks_passed_one_fails PASSED [  9%]
tests/test_proof_carrying_numbers.py::TestProofCertificate::test_critical_checks_passed_no_critical PASSED [ 10%]
tests/test_proof_carrying_numbers.py::TestProofCertificate::test_is_verified_delegates_to_critical PASSED [ 11%]
tests/test_proof_carrying_numbers.py::TestProofCertificate::test_has_consensus_zero_extractors_is_false PASSED [ 12%]
tests/test_proof_carrying_numbers.py::TestProofCertificate::test_has_consensus_single_extractor_agreeing PASSED [ 13%]
tests/test_proof_carrying_numbers.py::TestProofCertificate::test_has_consensus_majority PASSED [ 14%]
tests/test_proof_carrying_numbers.py::TestProofCertificate::test_has_consensus_no_majority PASSED [ 15%]
tests/test_proof_carrying_numbers.py::TestProofCertificate::test_has_consensus_exact_half PASSED [ 16%]
tests/test_proof_carrying_numbers.py::TestProofCertificate::test_to_dict_keys PASSED [ 17%]
tests/test_proof_carrying_numbers.py::TestProofCertificate::test_to_dict_values PASSED [ 18%]
tests/test_proof_carrying_numbers.py::TestProofCarryingNumber::test_integrity_hash_computed_on_init PASSED [ 19%]
tests/test_proof_carrying_numbers.py::TestProofCarryingNumber::test_integrity_hash_includes_extraction_method PASSED [ 20%]
tests/test_proof_carrying_numbers.py::TestProofCarryingNumber::test_integrity_hash_deterministic PASSED [ 21%]
tests/test_proof_carrying_numbers.py::TestProofCarryingNumber::test_integrity_hash_manual_check PASSED [ 22%]
tests/test_proof_carrying_numbers.py::TestProofCarryingNumber::test_render_verified PASSED [ 23%]
tests/test_proof_carrying_numbers.py::TestProofCarryingNumber::test_render_unverified_raises PASSED [ 24%]
tests/test_proof_carrying_numbers.py::TestProofCarryingNumber::test_render_unverified_allowed PASSED [ 25%]
tests/test_proof_carrying_numbers.py::TestProofCarryingNumber::test_str_requires_verification PASSED [ 26%]
tests/test_proof_carrying_numbers.py::TestProofCarryingNumber::test_repr_shows_status PASSED [ 27%]
tests/test_proof_carrying_numbers.py::TestProofCarryingNumber::test_is_verified_property PASSED [ 28%]
tests/test_proof_carrying_numbers.py::TestProofCarryingNumber::test_pre_existing_hash_always_recomputed PASSED [ 29%]
tests/test_proof_carrying_numbers.py::TestCheckCIContainsPoint::test_point_inside PASSED [ 30%]
tests/test_proof_carrying_numbers.py::TestCheckCIContainsPoint::test_point_at_lower_bound PASSED [ 31%]
tests/test_proof_carrying_numbers.py::TestCheckCIContainsPoint::test_point_at_upper_bound PASSED [ 32%]
tests/test_proof_carrying_numbers.py::TestCheckCIContainsPoint::test_point_below_ci PASSED [ 33%]
tests/test_proof_carrying_numbers.py::TestCheckCIContainsPoint::test_point_above_ci PASSED [ 34%]
tests/test_proof_carrying_numbers.py::TestCheckCIContainsPoint::test_is_critical PASSED [ 35%]
tests/test_proof_carrying_numbers.py::TestCheckCIOrdered::test_correct_order PASSED [ 36%]
tests/test_proof_carrying_numbers.py::TestCheckCIOrdered::test_reversed_order PASSED [ 37%]
tests/test_proof_carrying_numbers.py::TestCheckCIOrdered::test_equal_bounds PASSED [ 38%]
tests/test_proof_carrying_numbers.py::TestCheckCIOrdered::test_is_critical PASSED [ 39%]
tests/test_proof_carrying_numbers.py::TestCheckRangePlausible::test_parametrized_ranges[HR-0.74-CheckResult.PASSED] PASSED [ 40%]
tests/test_proof_carrying_numbers.py::TestCheckRangePlausible::test_parametrized_ranges[HR-0.001-CheckResult.FAILED] PASSED [ 41%]
tests/test_proof_carrying_numbers.py::TestCheckRangePlausible::test_parametrized_ranges[HR-55.0-CheckResult.FAILED] PASSED [ 42%]
tests/test_proof_carrying_numbers.py::TestCheckRangePlausible::test_parametrized_ranges[OR-1.5-CheckResult.PASSED] PASSED [ 43%]
tests/test_proof_carrying_numbers.py::TestCheckRangePlausible::test_parametrized_ranges[OR-0.005-CheckResult.FAILED] PASSED [ 44%]
tests/test_proof_carrying_numbers.py::TestCheckRangePlausible::test_parametrized_ranges[RR-1.0-CheckResult.PASSED] PASSED [ 45%]
tests/test_proof_carrying_numbers.py::TestCheckRangePlausible::test_parametrized_ranges[MD--5.2-CheckResult.PASSED] PASSED [ 46%]
tests/test_proof_carrying_numbers.py::TestCheckRangePlausible::test_parametrized_ranges[MD--1500.0-CheckResult.FAILED] PASSED [ 47%]
tests/test_proof_carrying_numbers.py::TestCheckRangePlausible::test_parametrized_ranges[SMD-0.5-CheckResult.PASSED] PASSED [ 48%]
tests/test_proof_carrying_numbers.py::TestCheckRangePlausible::test_parametrized_ranges[SMD--12.0-CheckResult.FAILED] PASSED [ 49%]
tests/test_proof_carrying_numbers.py::TestCheckRangePlausible::test_unknown_effect_type_skipped PASSED [ 50%]
tests/test_proof_carrying_numbers.py::TestCheckRangePlausible::test_boundary_values_hr PASSED [ 51%]
tests/test_proof_carrying_numbers.py::TestCheckSEConsistency::test_se_calculated_no_reported PASSED [ 52%]
tests/test_proof_carrying_numbers.py::TestCheckSEConsistency::test_se_matching_reported PASSED [ 53%]
tests/test_proof_carrying_numbers.py::TestCheckSEConsistency::test_se_mismatching_reported PASSED [ 54%]
tests/test_proof_carrying_numbers.py::TestCheckSEConsistency::test_se_linear_scale_md PASSED [ 55%]
tests/test_proof_carrying_numbers.py::TestCheckSEConsistency::test_non_positive_ci_bounds_skipped PASSED [ 56%]
tests/test_proof_carrying_numbers.py::TestCheckSEConsistency::test_se_not_critical PASSED [ 57%]
tests/test_proof_carrying_numbers.py::TestCheckPValueConsistency::test_significant_p_ci_excludes_null_hr PASSED [ 58%]
tests/test_proof_carrying_numbers.py::TestCheckPValueConsistency::test_non_significant_p_ci_contains_null_hr PASSED [ 59%]
tests/test_proof_carrying_numbers.py::TestCheckPValueConsistency::test_inconsistent_p_and_ci PASSED [ 60%]
tests/test_proof_carrying_numbers.py::TestCheckPValueConsistency::test_borderline_p_value_tolerance PASSED [ 61%]
tests/test_proof_carrying_numbers.py::TestCheckPValueConsistency::test_borderline_ci_near_null PASSED [ 62%]
tests/test_proof_carrying_numbers.py::TestCheckPValueConsistency::test_md_null_is_zero PASSED [ 63%]
tests/test_proof_carrying_numbers.py::TestCheckPValueConsistency::test_p_value_zero_not_dropped PASSED [ 64%]
tests/test_proof_carrying_numbers.py::TestCheckPValueConsistency::test_not_critical PASSED [ 65%]
tests/test_proof_carrying_numbers.py::TestCheckLogSymmetry::test_symmetric_ci PASSED [ 66%]
tests/test_proof_carrying_numbers.py::TestCheckLogSymmetry::test_asymmetric_ci PASSED [ 67%]
tests/test_proof_carrying_numbers.py::TestCheckLogSymmetry::test_non_positive_values_skipped PASSED [ 68%]
tests/test_proof_carrying_numbers.py::TestCheckLogSymmetry::test_negative_value_skipped PASSED [ 69%]
tests/test_proof_carrying_numbers.py::TestCheckLogSymmetry::test_not_critical PASSED [ 70%]
tests/test_proof_carrying_numbers.py::TestCheckCIWidthReasonable::test_normal_ratio_width PASSED [ 71%]
tests/test_proof_carrying_numbers.py::TestCheckCIWidthReasonable::test_extreme_narrow_width PASSED [ 72%]
tests/test_proof_carrying_numbers.py::TestCheckCIWidthReasonable::test_extreme_wide_width PASSED [ 73%]
tests/test_proof_carrying_numbers.py::TestCheckCIWidthReasonable::test_difference_type_skipped PASSED [ 74%]
tests/test_proof_carrying_numbers.py::TestCheckCIWidthReasonable::test_smd_skipped PASSED [ 75%]
tests/test_proof_carrying_numbers.py::TestCheckCIWidthReasonable::test_not_critical PASSED [ 76%]
tests/test_proof_carrying_numbers.py::TestRunAllChecks::test_basic_hr_returns_checks PASSED [ 77%]
tests/test_proof_carrying_numbers.py::TestRunAllChecks::test_hr_without_p_value PASSED [ 78%]
tests/test_proof_carrying_numbers.py::TestRunAllChecks::test_hr_with_p_value PASSED [ 79%]
tests/test_proof_carrying_numbers.py::TestRunAllChecks::test_md_no_log_symmetry PASSED [ 80%]
tests/test_proof_carrying_numbers.py::TestRunAllChecks::test_p_value_zero_included PASSED [ 81%]
tests/test_proof_carrying_numbers.py::TestRunAllChecks::test_valid_hr_all_critical_pass PASSED [ 82%]
tests/test_proof_carrying_numbers.py::TestRunAllChecks::test_invalid_point_outside_ci PASSED [ 83%]
tests/test_proof_carrying_numbers.py::TestRunAllChecks::test_reported_se PASSED [ 84%]
tests/test_proof_carrying_numbers.py::TestCreateVerifiedExtraction::test_returns_proof_carrying_extraction PASSED [ 85%]
tests/test_proof_carrying_numbers.py::TestCreateVerifiedExtraction::test_valid_hr_is_verified PASSED [ 86%]
tests/test_proof_carrying_numbers.py::TestCreateVerifiedExtraction::test_invalid_extraction_not_verified PASSED [ 87%]
tests/test_proof_carrying_numbers.py::TestCreateVerifiedExtraction::test_master_certificate_present PASSED [ 88%]
tests/test_proof_carrying_numbers.py::TestCreateVerifiedExtraction::test_se_calculated PASSED [ 89%]
tests/test_proof_carrying_numbers.py::TestCreateVerifiedExtraction::test_se_calculated_md PASSED [ 90%]
tests/test_proof_carrying_numbers.py::TestCreateVerifiedExtraction::test_p_value_zero_preserved PASSED [ 91%]
tests/test_proof_carrying_numbers.py::TestCreateVerifiedExtraction::test_p_value_zero_in_to_dict PASSED [ 92%]
tests/test_proof_carrying_numbers.py::TestCreateVerifiedExtraction::test_p_value_none_excluded_from_dict PASSED [ 93%]
tests/test_proof_carrying_numbers.py::TestCreateVerifiedExtraction::test_warnings_populated_on_issues PASSED [ 94%]
tests/test_proof_carrying_numbers.py::TestCreateVerifiedExtraction::test_extraction_method_in_cert PASSED [ 95%]
tests/test_proof_carrying_numbers.py::TestCreateVerifiedExtraction::test_to_dict_structure PASSED [ 96%]
tests/test_proof_carrying_numbers.py::TestCreateVerifiedExtraction::test_needs_review_when_not_verified PASSED [ 97%]
tests/test_proof_carrying_numbers.py::TestProofCarryingExtraction::test_is_fully_verified_all_components PASSED [ 98%]
tests/test_proof_carrying_numbers.py::TestProofCarryingExtraction::test_verification_status_verified PASSED [ 99%]
tests/test_proof_carrying_numbers.py::TestProofCarryingExtraction::test_verification_status_failed PASSED [100%]

============================= 100 passed in 0.89s =============================


STDERR:
